<?xml version="1.0" encoding="UTF-8"?>
<!-- Generated by org.testng.reporters.JUnitXMLReporter -->
<testsuite ignored="0" hostname="LAPTOP-DQ5N2O9I" failures="0" tests="3" name="Default test" time="0.137" errors="0" timestamp="2021-12-30T23:29:42 IST">
  <testcase classname="TestNGBasics" name="googleLogoTest" time="0.013"/>
  <testcase classname="TestNGBasics" name="googleTitleTest" time="0.012"/>
  <testcase classname="TestNGBasics" name="searchTest" time="0.002"/>
</testsuite> <!-- Default test -->
